GROUP,PACKAGE,CLASS,INSTRUCTION_MISSED,INSTRUCTION_COVERED,BRANCH_MISSED,BRANCH_COVERED,LINE_MISSED,LINE_COVERED,COMPLEXITY_MISSED,COMPLEXITY_COVERED,METHOD_MISSED,METHOD_COVERED
com.stockcharting.app,com.stockcharting.app.service,StockService,91,90,4,2,20,19,5,3,3,2
com.stockcharting.app,com.stockcharting.app.entity,StockEntity,53,39,0,0,18,15,11,6,11,6
com.stockcharting.app,com.stockcharting.app.controller,StockController,55,3,2,0,14,1,3,1,2,1
com.stockcharting.app,com.stockcharting.app,Application,5,7,0,0,2,2,1,2,1,2
